生成启动时间为 2012-10-10 5:59:31。
     1>项目“D:\TempCode\A-Protect\Driver\SafeSystem.vcxproj”在节点 3 上(build 个目标)。
     1>InitializeBuildStatus:
         正在对“Release\SafeSystem.unsuccessfulbuild”执行 Touch 任务。
       ClCompile:
         d:\Program Files\Microsoft Visual Studio 10.0\VC\bin\CL.exe /c /Zi /nologo /W3 /WX- /O2 /Oy- /D WIN32 /D NDEBUG /D _WINDOWS /Gm- /EHsc /MD /GS /fp:precise /Zc:wchar_t /Zc:forScope /Fo"Release\\" /Fd"Release\vc100.pdb" /Gd /TC /analyze- /errorReport:prompt AntiInlineHook.c Atapi.c Control.c DeleteFile.c DpcTimer.c DriverHips.c FileSystem.c Fixrelocation.c FuncAddrValid.c Function.c InitWindowsVersion.c InlineHook.c IoTimer.c KernelFilterDriver.c KernelHookCheck.c KernelReload.c KernelThread.c KillProcess.c LookupKernelData.c Mouclass.c NetworkDefense.c Ntfs.c ObjectHookCheck.c Port.c Process.c ProcessModule.c Protect.c ReLoadSSDTTableHook.c ReLoadShadowSSDTTableHook.c SSDT.c SafeSystem.c Services.c ShadowSSDT.c Startup.c SysModule.c SystemNotify.c SystemThread.c Tcpip.c WorkQueue.c dump.c file.c kbdclass.c nsiproxy.c ntos.c win32k.c
         AntiInlineHook.c
     1>d:\tempcode\a-protect\driver\ntifs.h(37): fatal error C1083: 无法打开包括文件:“ntdef.h”: No such file or directory
         Atapi.c
     1>d:\tempcode\a-protect\driver\ntifs.h(37): fatal error C1083: 无法打开包括文件:“ntdef.h”: No such file or directory
         Control.c
     1>d:\tempcode\a-protect\driver\ntifs.h(37): fatal error C1083: 无法打开包括文件:“ntdef.h”: No such file or directory
         DeleteFile.c
     1>d:\tempcode\a-protect\driver\ntifs.h(37): fatal error C1083: 无法打开包括文件:“ntdef.h”: No such file or directory
         DpcTimer.c
     1>d:\tempcode\a-protect\driver\ntifs.h(37): fatal error C1083: 无法打开包括文件:“ntdef.h”: No such file or directory
         DriverHips.c
     1>d:\tempcode\a-protect\driver\ntifs.h(37): fatal error C1083: 无法打开包括文件:“ntdef.h”: No such file or directory
         FileSystem.c
     1>d:\tempcode\a-protect\driver\ntifs.h(37): fatal error C1083: 无法打开包括文件:“ntdef.h”: No such file or directory
         Fixrelocation.c
     1>d:\tempcode\a-protect\driver\ntifs.h(37): fatal error C1083: 无法打开包括文件:“ntdef.h”: No such file or directory
         FuncAddrValid.c
     1>d:\tempcode\a-protect\driver\ntifs.h(37): fatal error C1083: 无法打开包括文件:“ntdef.h”: No such file or directory
         Function.c
     1>d:\tempcode\a-protect\driver\ntifs.h(37): fatal error C1083: 无法打开包括文件:“ntdef.h”: No such file or directory
         InitWindowsVersion.c
     1>d:\tempcode\a-protect\driver\ntifs.h(37): fatal error C1083: 无法打开包括文件:“ntdef.h”: No such file or directory
         InlineHook.c
     1>d:\tempcode\a-protect\driver\ntifs.h(37): fatal error C1083: 无法打开包括文件:“ntdef.h”: No such file or directory
         IoTimer.c
     1>d:\tempcode\a-protect\driver\ntifs.h(37): fatal error C1083: 无法打开包括文件:“ntdef.h”: No such file or directory
         KernelFilterDriver.c
     1>d:\tempcode\a-protect\driver\ntifs.h(37): fatal error C1083: 无法打开包括文件:“ntdef.h”: No such file or directory
         KernelHookCheck.c
     1>d:\tempcode\a-protect\driver\ntifs.h(37): fatal error C1083: 无法打开包括文件:“ntdef.h”: No such file or directory
         KernelReload.c
     1>d:\tempcode\a-protect\driver\ntifs.h(37): fatal error C1083: 无法打开包括文件:“ntdef.h”: No such file or directory
         KernelThread.c
     1>d:\tempcode\a-protect\driver\ntifs.h(37): fatal error C1083: 无法打开包括文件:“ntdef.h”: No such file or directory
         KillProcess.c
     1>d:\tempcode\a-protect\driver\ntifs.h(37): fatal error C1083: 无法打开包括文件:“ntdef.h”: No such file or directory
         LookupKernelData.c
     1>d:\tempcode\a-protect\driver\ntifs.h(37): fatal error C1083: 无法打开包括文件:“ntdef.h”: No such file or directory
         Mouclass.c
     1>d:\tempcode\a-protect\driver\ntifs.h(37): fatal error C1083: 无法打开包括文件:“ntdef.h”: No such file or directory
         正在生成代码...
         正在编译...
         NetworkDefense.c
     1>d:\tempcode\a-protect\driver\ntifs.h(37): fatal error C1083: 无法打开包括文件:“ntdef.h”: No such file or directory
         Ntfs.c
     1>d:\tempcode\a-protect\driver\ntifs.h(37): fatal error C1083: 无法打开包括文件:“ntdef.h”: No such file or directory
         ObjectHookCheck.c
     1>d:\tempcode\a-protect\driver\ntifs.h(37): fatal error C1083: 无法打开包括文件:“ntdef.h”: No such file or directory
         Port.c
     1>d:\tempcode\a-protect\driver\ntifs.h(37): fatal error C1083: 无法打开包括文件:“ntdef.h”: No such file or directory
         Process.c
     1>d:\tempcode\a-protect\driver\ntifs.h(37): fatal error C1083: 无法打开包括文件:“ntdef.h”: No such file or directory
         ProcessModule.c
     1>d:\tempcode\a-protect\driver\ntifs.h(37): fatal error C1083: 无法打开包括文件:“ntdef.h”: No such file or directory
         Protect.c
     1>d:\tempcode\a-protect\driver\ntifs.h(37): fatal error C1083: 无法打开包括文件:“ntdef.h”: No such file or directory
         ReLoadSSDTTableHook.c
     1>d:\tempcode\a-protect\driver\ntifs.h(37): fatal error C1083: 无法打开包括文件:“ntdef.h”: No such file or directory
         ReLoadShadowSSDTTableHook.c
     1>d:\tempcode\a-protect\driver\ntifs.h(37): fatal error C1083: 无法打开包括文件:“ntdef.h”: No such file or directory
         SSDT.c
     1>d:\tempcode\a-protect\driver\ntifs.h(37): fatal error C1083: 无法打开包括文件:“ntdef.h”: No such file or directory
         SafeSystem.c
     1>d:\tempcode\a-protect\driver\ntifs.h(37): fatal error C1083: 无法打开包括文件:“ntdef.h”: No such file or directory
         Services.c
     1>d:\tempcode\a-protect\driver\ntifs.h(37): fatal error C1083: 无法打开包括文件:“ntdef.h”: No such file or directory
         ShadowSSDT.c
     1>d:\tempcode\a-protect\driver\ntifs.h(37): fatal error C1083: 无法打开包括文件:“ntdef.h”: No such file or directory
         Startup.c
     1>d:\tempcode\a-protect\driver\ntifs.h(37): fatal error C1083: 无法打开包括文件:“ntdef.h”: No such file or directory
         SysModule.c
     1>d:\tempcode\a-protect\driver\ntifs.h(37): fatal error C1083: 无法打开包括文件:“ntdef.h”: No such file or directory
         SystemNotify.c
     1>d:\tempcode\a-protect\driver\ntifs.h(37): fatal error C1083: 无法打开包括文件:“ntdef.h”: No such file or directory
         SystemThread.c
     1>d:\tempcode\a-protect\driver\ntifs.h(37): fatal error C1083: 无法打开包括文件:“ntdef.h”: No such file or directory
         Tcpip.c
     1>d:\tempcode\a-protect\driver\ntifs.h(37): fatal error C1083: 无法打开包括文件:“ntdef.h”: No such file or directory
         WorkQueue.c
     1>d:\tempcode\a-protect\driver\ntifs.h(37): fatal error C1083: 无法打开包括文件:“ntdef.h”: No such file or directory
         dump.c
     1>d:\tempcode\a-protect\driver\ntifs.h(37): fatal error C1083: 无法打开包括文件:“ntdef.h”: No such file or directory
         正在生成代码...
         正在编译...
         file.c
     1>d:\tempcode\a-protect\driver\ntifs.h(37): fatal error C1083: 无法打开包括文件:“ntdef.h”: No such file or directory
         kbdclass.c
     1>d:\tempcode\a-protect\driver\ntifs.h(37): fatal error C1083: 无法打开包括文件:“ntdef.h”: No such file or directory
         nsiproxy.c
     1>d:\tempcode\a-protect\driver\ntifs.h(37): fatal error C1083: 无法打开包括文件:“ntdef.h”: No such file or directory
         ntos.c
     1>d:\tempcode\a-protect\driver\ntifs.h(37): fatal error C1083: 无法打开包括文件:“ntdef.h”: No such file or directory
         win32k.c
     1>d:\tempcode\a-protect\driver\ntifs.h(37): fatal error C1083: 无法打开包括文件:“ntdef.h”: No such file or directory
         正在生成代码...
     1>已完成生成项目“D:\TempCode\A-Protect\Driver\SafeSystem.vcxproj”(build 个目标)的操作 - 失败。

生成失败。

已用时间 00:00:03.43
